<?xml version="1.0" encoding="UTF-8"?>
<!-- Generated by org.testng.reporters.JUnitReportReporter -->
<testsuite hostname="DESKTOP-AAP1BB1" failures="0" tests="3" name="com.qa.Test.LoginPageTest" time="33.738" errors="0" timestamp="2019-12-12T11:42:09 EST" skipped="1">
  <testcase classname="com.qa.Test.LoginPageTest" name="LoginPage_TC001" time="9.661"/>
  <testcase classname="com.qa.Test.LoginPageTest" name="Login_page_TC_003" time="24.077"/>
  <testcase classname="com.qa.Test.LoginPageTest" name="LoginPage_TC_002">
    <skipped/>
  </testcase> <!-- LoginPage_TC_002 -->
</testsuite> <!-- com.qa.Test.LoginPageTest -->
