<?xml version="1.0" encoding="UTF-8"?>
<!-- Generated by org.testng.reporters.JUnitReportReporter -->
<testsuite hostname="DESKTOP-AAP1BB1" failures="0" tests="2" name="com.qa.Test.MyAccountPageTest" time="47.402" errors="0" timestamp="02 Dec 2019 06:48:26 GMT" skipped="0">
  <testcase classname="com.qa.Test.MyAccountPageTest" name="wishlist_TC_002" time="14.963"/>
  <testcase classname="com.qa.Test.MyAccountPageTest" name="wishlist_TC_001" time="32.439"/>
</testsuite> <!-- com.qa.Test.MyAccountPageTest -->
