<?xml version="1.0" encoding="UTF-8"?>
<!-- Generated by org.testng.reporters.JUnitReportReporter -->
<testsuite hostname="DESKTOP-AAP1BB1" failures="0" tests="3" name="com.qa.Test.SummaryPageTest" time="33.965" errors="0" timestamp="2019-12-12T12:46:38 EST" skipped="2">
  <testcase classname="com.qa.Test.SummaryPageTest" name="SummaryPage_TC_002" time="33.965"/>
  <testcase classname="com.qa.Test.SummaryPageTest" name="SummaryPage_TC_003">
    <skipped/>
  </testcase> <!-- SummaryPage_TC_003 -->
  <testcase classname="com.qa.Test.SummaryPageTest" name="SummaryPage_TC_001">
    <skipped/>
  </testcase> <!-- SummaryPage_TC_001 -->
</testsuite> <!-- com.qa.Test.SummaryPageTest -->
