<?xml version="1.0" encoding="UTF-8"?>
<!-- Generated by org.testng.reporters.JUnitReportReporter -->
<testsuite hostname="DESKTOP-AAP1BB1" failures="0" tests="2" name="com.qa.Test.MyAccountPageTest" time="27.963" errors="0" timestamp="2019-12-12T11:42:09 EST" skipped="0">
  <testcase classname="com.qa.Test.MyAccountPageTest" name="MyaccountPage_TC_001" time="15.879"/>
  <testcase classname="com.qa.Test.MyAccountPageTest" name="MyaccountPage_TC_002" time="12.084"/>
</testsuite> <!-- com.qa.Test.MyAccountPageTest -->
