<?xml version="1.0" encoding="UTF-8"?>
<!-- Generated by org.testng.reporters.JUnitReportReporter -->
<testsuite hostname="DESKTOP-AAP1BB1" failures="0" tests="3" name="com.qa.Test.SummaryPageTest" time="31.819" errors="0" timestamp="2019-12-05T15:28:36 EST" skipped="2">
  <testcase classname="com.qa.Test.SummaryPageTest" name="summarypage_TC002" time="31.819"/>
  <testcase classname="com.qa.Test.SummaryPageTest" name="summarypage_TC_001">
    <skipped/>
  </testcase> <!-- summarypage_TC_001 -->
  <testcase classname="com.qa.Test.SummaryPageTest" name="summary_page_TC_002">
    <skipped/>
  </testcase> <!-- summary_page_TC_002 -->
</testsuite> <!-- com.qa.Test.SummaryPageTest -->
