<?xml version="1.0" encoding="UTF-8"?>
<!-- Generated by org.testng.reporters.JUnitReportReporter -->
<testsuite hostname="DESKTOP-AAP1BB1" failures="0" tests="3" name="com.qa.Test.HomePageTest" time="17.704" errors="0" timestamp="2019-12-06T14:47:56 EST" skipped="2">
  <testcase classname="com.qa.Test.HomePageTest" name="HomePage_TE001" time="17.704"/>
  <testcase classname="com.qa.Test.HomePageTest" name="addproduct_Verification">
    <skipped/>
  </testcase> <!-- addproduct_Verification -->
  <testcase classname="com.qa.Test.HomePageTest" name="navigateProductVerification">
    <skipped/>
  </testcase> <!-- navigateProductVerification -->
</testsuite> <!-- com.qa.Test.HomePageTest -->
